This is pdfTeX, Version 3.1415926-2.5-1.40.14 (MiKTeX 2.9) (preloaded format=pdflatex 2015.2.1)  2 JUN 2015 09:39
entering extended mode
**MainDraft5-15.tex
("C:\Users\Francesco\Dropbox\Network Paper\MainDraft5-15.tex"
LaTeX2e <2011/06/27>
Babel <v3.8m> and hyphenation patterns for english, afrikaans, ancientgreek, ar
abic, armenian, assamese, basque, bengali, bokmal, bulgarian, catalan, coptic, 
croatian, czech, danish, dutch, esperanto, estonian, farsi, finnish, french, ga
lician, german, german-x-2013-05-26, greek, gujarati, hindi, hungarian, iceland
ic, indonesian, interlingua, irish, italian, kannada, kurmanji, latin, latvian,
 lithuanian, malayalam, marathi, mongolian, mongolianlmc, monogreek, ngerman, n
german-x-2013-05-26, nynorsk, oriya, panjabi, pinyin, polish, portuguese, roman
ian, russian, sanskrit, serbian, slovak, slovenian, spanish, swedish, swissgerm
an, tamil, telugu, turkish, turkmen, ukenglish, ukrainian, uppersorbian, usengl
ishmax, welsh, loaded.
("C:\Program Files (x86)\MiKTeX 2.9\tex\latex\amscls\amsart.cls"
Document Class: amsart 2009/07/02 v2.20.1
\linespacing=\dimen102
\normalparindent=\dimen103
\normaltopskip=\skip41
("C:\Program Files (x86)\MiKTeX 2.9\tex\latex\amsmath\amsmath.sty"
Package: amsmath 2013/01/14 v2.14 AMS math features
\@mathmargin=\skip42

For additional information on amsmath, use the `?' option.
("C:\Program Files (x86)\MiKTeX 2.9\tex\latex\amsmath\amstext.sty"
Package: amstext 2000/06/29 v2.01

("C:\Program Files (x86)\MiKTeX 2.9\tex\latex\amsmath\amsgen.sty"
File: amsgen.sty 1999/11/30 v2.0
\@emptytoks=\toks14
\ex@=\dimen104
))
("C:\Program Files (x86)\MiKTeX 2.9\tex\latex\amsmath\amsbsy.sty"
Package: amsbsy 1999/11/29 v1.2d
\pmbraise@=\dimen105
)
("C:\Program Files (x86)\MiKTeX 2.9\tex\latex\amsmath\amsopn.sty"
Package: amsopn 1999/12/14 v2.01 operator names
)
\inf@bad=\count79
LaTeX Info: Redefining \frac on input line 210.
\uproot@=\count80
\leftroot@=\count81
LaTeX Info: Redefining \overline on input line 306.
\classnum@=\count82
\DOTSCASE@=\count83
LaTeX Info: Redefining \ldots on input line 378.
LaTeX Info: Redefining \dots on input line 381.
LaTeX Info: Redefining \cdots on input line 466.
\Mathstrutbox@=\box26
\strutbox@=\box27
\big@size=\dimen106
LaTeX Font Info:    Redeclaring font encoding OML on input line 566.
LaTeX Font Info:    Redeclaring font encoding OMS on input line 567.
\macc@depth=\count84
\c@MaxMatrixCols=\count85
\dotsspace@=\muskip10
\c@parentequation=\count86
\dspbrk@lvl=\count87
\tag@help=\toks15
\row@=\count88
\column@=\count89
\maxfields@=\count90
\andhelp@=\toks16
\eqnshift@=\dimen107
\alignsep@=\dimen108
\tagshift@=\dimen109
\tagwidth@=\dimen110
\totwidth@=\dimen111
\lineht@=\dimen112
\@envbody=\toks17
\multlinegap=\skip43
\multlinetaggap=\skip44
\mathdisplay@stack=\toks18
LaTeX Info: Redefining \[ on input line 2665.
LaTeX Info: Redefining \] on input line 2666.
)
LaTeX Font Info:    Try loading font information for U+msa on input line 388.

("C:\Program Files (x86)\MiKTeX 2.9\tex\latex\amsfonts\umsa.fd"
File: umsa.fd 2013/01/14 v3.01 AMS symbols A
)
("C:\Program Files (x86)\MiKTeX 2.9\tex\latex\amsfonts\amsfonts.sty"
Package: amsfonts 2013/01/14 v3.01 Basic AMSFonts support
\symAMSa=\mathgroup4
\symAMSb=\mathgroup5
LaTeX Font Info:    Overwriting math alphabet `\mathfrak' in version `bold'
(Font)                  U/euf/m/n --> U/euf/b/n on input line 106.
)
\copyins=\insert233
\abstractbox=\box28
\listisep=\skip45
\c@part=\count91
\c@section=\count92
\c@subsection=\count93
\c@subsubsection=\count94
\c@paragraph=\count95
\c@subparagraph=\count96
\c@figure=\count97
\c@table=\count98
\abovecaptionskip=\skip46
\belowcaptionskip=\skip47
\captionindent=\dimen113
\thm@style=\toks19
\thm@bodyfont=\toks20
\thm@headfont=\toks21
\thm@notefont=\toks22
\thm@headpunct=\toks23
\thm@preskip=\skip48
\thm@postskip=\skip49
\thm@headsep=\skip50
\dth@everypar=\toks24
)
("C:\Program Files (x86)\MiKTeX 2.9\tex\latex\amsfonts\amssymb.sty"
Package: amssymb 2013/01/14 v3.01 AMS font symbols
)
("C:\Program Files (x86)\MiKTeX 2.9\tex\latex\graphics\graphicx.sty"
Package: graphicx 1999/02/16 v1.0f Enhanced LaTeX Graphics (DPC,SPQR)

("C:\Program Files (x86)\MiKTeX 2.9\tex\latex\graphics\keyval.sty"
Package: keyval 1999/03/16 v1.13 key=value parser (DPC)
\KV@toks@=\toks25
)
("C:\Program Files (x86)\MiKTeX 2.9\tex\latex\graphics\graphics.sty"
Package: graphics 2009/02/05 v1.0o Standard LaTeX Graphics (DPC,SPQR)

("C:\Program Files (x86)\MiKTeX 2.9\tex\latex\graphics\trig.sty"
Package: trig 1999/03/16 v1.09 sin cos tan (DPC)
)
("C:\Program Files (x86)\MiKTeX 2.9\tex\latex\00miktex\graphics.cfg"
File: graphics.cfg 2007/01/18 v1.5 graphics configuration of teTeX/TeXLive
)
Package graphics Info: Driver file: pdftex.def on input line 91.

("C:\Program Files (x86)\MiKTeX 2.9\tex\latex\pdftex-def\pdftex.def"
File: pdftex.def 2011/05/27 v0.06d Graphics/color for pdfTeX

("C:\Program Files (x86)\MiKTeX 2.9\tex\generic\oberdiek\infwarerr.sty"
Package: infwarerr 2010/04/08 v1.3 Providing info/warning/error messages (HO)
)
("C:\Program Files (x86)\MiKTeX 2.9\tex\generic\oberdiek\ltxcmds.sty"
Package: ltxcmds 2011/11/09 v1.22 LaTeX kernel commands for general use (HO)
)
\Gread@gobject=\count99
))
\Gin@req@height=\dimen114
\Gin@req@width=\dimen115
)
\c@theorem=\count100
\c@acknowledgement=\count101
\c@algorithm=\count102
\c@axiom=\count103
\c@case=\count104
\c@claim=\count105
\c@conclusion=\count106
\c@condition=\count107
\c@conjecture=\count108
\c@corollary=\count109
\c@criterion=\count110
\c@definition=\count111
\c@example=\count112
\c@exercise=\count113
\c@lemma=\count114
\c@notation=\count115
\c@problem=\count116
\c@proposition=\count117
\c@remark=\count118
\c@solution=\count119
\c@summary=\count120

("C:\Users\Francesco\Dropbox\Network Paper\MainDraft5-15.aux")
LaTeX Font Info:    Checking defaults for OML/cmm/m/it on input line 70.
LaTeX Font Info:    ... okay on input line 70.
LaTeX Font Info:    Checking defaults for T1/cmr/m/n on input line 70.
LaTeX Font Info:    ... okay on input line 70.
LaTeX Font Info:    Checking defaults for OT1/cmr/m/n on input line 70.
LaTeX Font Info:    ... okay on input line 70.
LaTeX Font Info:    Checking defaults for OMS/cmsy/m/n on input line 70.
LaTeX Font Info:    ... okay on input line 70.
LaTeX Font Info:    Checking defaults for OMX/cmex/m/n on input line 70.
LaTeX Font Info:    ... okay on input line 70.
LaTeX Font Info:    Checking defaults for U/cmr/m/n on input line 70.
LaTeX Font Info:    ... okay on input line 70.
LaTeX Font Info:    Try loading font information for U+msa on input line 70.

("C:\Program Files (x86)\MiKTeX 2.9\tex\latex\amsfonts\umsa.fd"
File: umsa.fd 2013/01/14 v3.01 AMS symbols A
)
LaTeX Font Info:    Try loading font information for U+msb on input line 70.

("C:\Program Files (x86)\MiKTeX 2.9\tex\latex\amsfonts\umsb.fd"
File: umsb.fd 2013/01/14 v3.01 AMS symbols B
)
(C:\Users\Francesco\AppData\Roaming\MiKTeX\2.9\tex\context\base\supp-pdf.mkii
[Loading MPS to PDF converter (version 2006.09.02).]
\scratchcounter=\count121
\scratchdimen=\dimen116
\scratchbox=\box29
\nofMPsegments=\count122
\nofMParguments=\count123
\everyMPshowfont=\toks26
\MPscratchCnt=\count124
\MPscratchDim=\dimen117
\MPnumerator=\count125
\makeMPintoPDFobject=\count126
\everyMPtoPDFconversion=\toks27
)
Underfull \hbox (badness 10000) in paragraph at lines 71--76

 []


Underfull \hbox (badness 10000) in paragraph at lines 83--107

 []


Underfull \hbox (badness 10000) in paragraph at lines 83--107

 []


Underfull \hbox (badness 10000) in paragraph at lines 83--107

 []


Underfull \hbox (badness 10000) in paragraph at lines 109--116

 []


Underfull \hbox (badness 10000) in paragraph at lines 109--116

 []


Underfull \hbox (badness 10000) in paragraph at lines 121--143

 []


Underfull \hbox (badness 10000) in paragraph at lines 121--143

 []

[1{C:/Users/Francesco/AppData/Local/MiKTeX/2.9/pdftex/config/pdftex.map}]
Underfull \hbox (badness 10000) in paragraph at lines 144--173

 []


Underfull \hbox (badness 10000) in paragraph at lines 144--173

 []


Underfull \hbox (badness 10000) in paragraph at lines 144--173

 []


Underfull \hbox (badness 10000) in paragraph at lines 144--173

 []


Underfull \hbox (badness 10000) in paragraph at lines 144--173

 []


Underfull \hbox (badness 10000) in paragraph at lines 144--173

 []


Underfull \hbox (badness 10000) in paragraph at lines 144--173

 []


Underfull \hbox (badness 10000) in paragraph at lines 144--173

 []


Underfull \hbox (badness 10000) in paragraph at lines 144--173

 []


Underfull \hbox (badness 10000) in paragraph at lines 144--173

 []


Underfull \hbox (badness 10000) in paragraph at lines 144--173

 []


Underfull \hbox (badness 10000) in paragraph at lines 144--173

 []


Underfull \hbox (badness 10000) in paragraph at lines 144--173

 []


Underfull \vbox (badness 10000) has occurred while \output is active []

 [2]
Underfull \hbox (badness 10000) in paragraph at lines 174--254

 []


Underfull \hbox (badness 10000) in paragraph at lines 174--254

 []


Underfull \hbox (badness 10000) in paragraph at lines 174--254

 []


Underfull \hbox (badness 10000) in paragraph at lines 174--254

 []


Underfull \hbox (badness 10000) in paragraph at lines 174--254

 []


Underfull \hbox (badness 10000) in paragraph at lines 174--254

 []


Underfull \hbox (badness 10000) in paragraph at lines 174--254

 []


Underfull \hbox (badness 10000) in paragraph at lines 174--254

 []


Underfull \hbox (badness 10000) in paragraph at lines 174--254

 []


Underfull \hbox (badness 10000) in paragraph at lines 174--254

 []


Underfull \hbox (badness 10000) in paragraph at lines 174--254

 []


Underfull \hbox (badness 10000) in paragraph at lines 174--254

 []


Underfull \hbox (badness 10000) in paragraph at lines 174--254

 []


Underfull \hbox (badness 10000) in paragraph at lines 174--254

 []


Underfull \hbox (badness 10000) in paragraph at lines 174--254

 []


Underfull \hbox (badness 10000) in paragraph at lines 174--254

 []


Underfull \hbox (badness 10000) in paragraph at lines 174--254

 []


Underfull \hbox (badness 10000) in paragraph at lines 174--254

 []


Underfull \hbox (badness 10000) in paragraph at lines 174--254

 []


Underfull \hbox (badness 10000) in paragraph at lines 174--254

 []


Underfull \hbox (badness 10000) in paragraph at lines 174--254

 []


Underfull \hbox (badness 10000) in paragraph at lines 174--254

 []


Underfull \hbox (badness 10000) in paragraph at lines 174--254

 []


Underfull \hbox (badness 10000) in paragraph at lines 174--254

 []


Underfull \hbox (badness 10000) in paragraph at lines 174--254

 []


Underfull \hbox (badness 10000) in paragraph at lines 174--254

 []


Underfull \vbox (badness 10000) has occurred while \output is active []

 [3]
Underfull \vbox (badness 10000) has occurred while \output is active []

 [4]
Underfull \vbox (badness 10000) has occurred while \output is active []

 [5]
Underfull \vbox (badness 10000) has occurred while \output is active []

 [6]
Underfull \vbox (badness 10000) has occurred while \output is active []

 [7]
<untitled.jpg, id=32, 563.10374pt x 421.575pt>
File: untitled.jpg Graphic file (type jpg)
 <use untitled.jpg>
Package pdftex.def Info: untitled.jpg used on input line 259.
(pdftex.def)             Requested size: 288.0011pt x 215.61794pt.
File: untitled.jpg Graphic file (type jpg)

<use untitled.jpg>
Package pdftex.def Info: untitled.jpg used on input line 266.
(pdftex.def)             Requested size: 288.0011pt x 215.61794pt.
 <flares.jpg, id=33, 563.10374pt x 421.575pt>
File: flares.jpg Graphic file (type jpg)

<use flares.jpg>
Package pdftex.def Info: flares.jpg used on input line 273.
(pdftex.def)             Requested size: 288.0011pt x 215.61794pt.
 <4top5nodes.jpg, id=34, 563.10374pt x 421.575pt>
File: 4top5nodes.jpg Graphic file (type jpg)

<use 4top5nodes.jpg>
Package pdftex.def Info: 4top5nodes.jpg used on input line 280.
(pdftex.def)             Requested size: 288.0011pt x 215.61794pt.
File: untitled.jpg Graphic file (type jpg)
 <use untitled.jpg>
Package pdftex.def Info: untitled.jpg used on input line 287.
(pdftex.def)             Requested size: 288.0011pt x 215.61794pt.

<topcycle.jpg, id=35, 841.1425pt x 530.98375pt>
File: topcycle.jpg Graphic file (type jpg)
 <use topcycle.jpg>
Package pdftex.def Info: topcycle.jpg used on input line 294.
(pdftex.def)             Requested size: 288.0011pt x 181.80411pt.

<colormap.jpg, id=36, 841.1425pt x 530.98375pt>
File: colormap.jpg Graphic file (type jpg)
 <use colormap.jpg>
Package pdftex.def Info: colormap.jpg used on input line 301.
(pdftex.def)             Requested size: 288.0011pt x 181.80411pt.

<evowind.jpg, id=37, 841.1425pt x 530.98375pt>
File: evowind.jpg Graphic file (type jpg)
 <use evowind.jpg>
Package pdftex.def Info: evowind.jpg used on input line 308.
(pdftex.def)             Requested size: 288.0011pt x 181.80411pt.

<sizeevo.jpg, id=38, 563.10374pt x 421.575pt>
File: sizeevo.jpg Graphic file (type jpg)
 <use sizeevo.jpg>
Package pdftex.def Info: sizeevo.jpg used on input line 315.
(pdftex.def)             Requested size: 288.0011pt x 215.61794pt.
File: untitled.jpg Graphic file (type jpg)

<use untitled.jpg>
Package pdftex.def Info: untitled.jpg used on input line 322.
(pdftex.def)             Requested size: 288.0011pt x 215.61794pt.
 <means.jpg, id=39, 841.1425pt x 530.98375pt>
File: means.jpg Graphic file (type jpg)

<use means.jpg>
Package pdftex.def Info: means.jpg used on input line 329.
(pdftex.def)             Requested size: 288.0011pt x 181.80411pt.
 <std.jpg, id=40, 841.1425pt x 530.98375pt>
File: std.jpg Graphic file (type jpg)
 <use std.jpg>
Package pdftex.def Info: std.jpg used on input line 336.
(pdftex.def)             Requested size: 288.0011pt x 181.80411pt.

[8] [9 <C:/Users/Francesco/Dropbox/Network Paper/untitled.jpg>] [10 <C:/Users/F
rancesco/Dropbox/Network Paper/flares.jpg> <C:/Users/Francesco/Dropbox/Network 
Paper/4top5nodes.jpg>] [11 <C:/Users/Francesco/Dropbox/Network Paper/topcycle.j
pg>] [12 <C:/Users/Francesco/Dropbox/Network Paper/colormap.jpg> <C:/Users/Fran
cesco/Dropbox/Network Paper/evowind.jpg>] [13 <C:/Users/Francesco/Dropbox/Netwo
rk Paper/sizeevo.jpg>] [14 <C:/Users/Francesco/Dropbox/Network Paper/means.jpg>
 <C:/Users/Francesco/Dropbox/Network Paper/std.jpg>]
("C:\Users\Francesco\Dropbox\Network Paper\MainDraft5-15.aux") ) 
Here is how much of TeX's memory you used:
 2658 strings out of 493921
 31868 string characters out of 3144865
 114221 words of memory out of 3000000
 5790 multiletter control sequences out of 15000+200000
 9086 words of font info for 36 fonts, out of 3000000 for 9000
 1002 hyphenation exceptions out of 8191
 34i,9n,28p,967b,178s stack positions out of 5000i,500n,10000p,200000b,50000s
<C:/Program Fil
es (x86)/MiKTeX 2.9/fonts/type1/public/amsfonts/cm/cmcsc10.pfb><C:/Program File
s (x86)/MiKTeX 2.9/fonts/type1/public/amsfonts/cm/cmex10.pfb><C:/Program Files 
(x86)/MiKTeX 2.9/fonts/type1/public/amsfonts/cm/cmmi10.pfb><C:/Program Files (x
86)/MiKTeX 2.9/fonts/type1/public/amsfonts/cm/cmmi7.pfb><C:/Program Files (x86)
/MiKTeX 2.9/fonts/type1/public/amsfonts/cm/cmr10.pfb><C:/Program Files (x86)/Mi
KTeX 2.9/fonts/type1/public/amsfonts/cm/cmr7.pfb><C:/Program Files (x86)/MiKTeX
 2.9/fonts/type1/public/amsfonts/cm/cmsy10.pfb><C:/Program Files (x86)/MiKTeX 2
.9/fonts/type1/public/amsfonts/cm/cmsy7.pfb><C:/Program Files (x86)/MiKTeX 2.9/
fonts/type1/public/amsfonts/cm/cmti10.pfb>
Output written on MainDraft5-15.pdf (14 pages, 397521 bytes).
PDF statistics:
 93 PDF objects out of 1000 (max. 8388607)
 0 named destinations out of 1000 (max. 500000)
 46 words of extra memory for PDF output out of 10000 (max. 10000000)

